{"level":"error","message":"Parameter n2 is not a valid number","service":"calculator-service"}
{"level":"error","message":"Parameter n1 is not a valid number","service":"calculator-service"}
{"level":"error","message":"Parameter n1 is not a valid number","service":"calculator-service"}
{"level":"error","message":"Parameter n1 is not a valid number","service":"calculator-service"}
{"level":"error","message":"Parameter n1 is not a valid number","service":"calculator-service"}
{"level":"info","message":"Parameters 5 and 12 received for addition.","service":"calculator-service"}
{"level":"error","message":"Parameter n2 is not a valid number","service":"calculator-service"}
{"level":"info","message":"Parameters 5 and 12 received for addition.","service":"calculator-service"}
{"level":"info","message":"Parameters 5 and 123.5 received for addition.","service":"calculator-service"}
{"level":"info","message":"Parameters 5 and 123.5 received for addition.","service":"calculator-service"}
{"level":"info","message":"Parameters 5 and 123.5 received for addition.","service":"calculator-service"}
{"level":"info","message":"Parameters 5 and 123.5 received for addition.","service":"calculator-service"}
{"level":"error","message":"Parameter n2 is not a valid number","service":"calculator-service"}
{"level":"error","message":"Parameter n1 is not a valid number","service":"calculator-service"}
{"level":"info","message":"Parameters 5 and 12 received for multiplication.","service":"calculator-service"}
{"level":"error","message":"Parameter n2 is not a valid number","service":"calculator-service"}
{"level":"error","message":"Parameter n2 is not a valid number","service":"calculator-service"}
{"level":"info","message":"Numbers 5 and 6 received for multiplication.","service":"calculator-service"}
{"level":"error","message":"Parameter n2 is not a valid number","service":"calculator-service"}
{"level":"error","message":"Invalid number 'a6' received for parameter n2.","service":"calculator-service"}
{"level":"error","message":"Invalid number 'a6' received for parameter n2.","service":"calculator-service"}
{"level":"info","message":"Numbers 5 and 0 received for multiplication.","service":"calculator-service"}
{"level":"error","message":"Parameter n2 is zero. Unable to divide by zero","service":"calculator-service"}
{"level":"info","message":"Numbers 5 and 6 received for division.","service":"calculator-service"}
{"level":"info","message":"Numbers 5 and 6 received for division.","service":"calculator-service"}
{"level":"error","message":"Parameter n2 is zero. Unable to divide by zero","service":"calculator-service"}
{"level":"info","message":"Numbers 5 and 16 received for multiplication.","service":"calculator-service"}
{"level":"error","message":"Invalid number 'sixteen' received for parameter n2.","service":"calculator-service"}
{"level":"info","message":"Numbers 5 and 16 received for multiplication.","service":"calculator-service"}
